<?xml version="1.0" encoding="UTF-8"?>
<testsuite xmlns:xsi="http://www.w3.org/2001/XMLSchema-instance" xsi:noNamespaceSchemaLocation="https://maven.apache.org/surefire/maven-surefire-plugin/xsd/surefire-test-report-3.0.xsd" version="3.0" name="no.blackjack.game.BlackjackGameTest" time="0.168" tests="3" errors="0" skipped="0" failures="0">
  <properties>
[...]
</properties>
  <testcase name="startGame should return null if dealer is not present" classname="no.blackjack.game.BlackjackGameTest" time="0.001"/>
  <testcase name="should throw IllegalArgumentException when provided cards file is unprocessable" classname="no.blackjack.game.BlackjackGameTest" time="0.002"/>
  <testcase name="should throw when provided cards file is empty" classname="no.blackjack.game.BlackjackGameTest" time="0.002"/>
</testsuite>