<?xml version="1.0" encoding="UTF-8"?>
<testsuite xmlns:xsi="http://www.w3.org/2001/XMLSchema-instance" xsi:noNamespaceSchemaLocation="https://maven.apache.org/surefire/maven-surefire-plugin/xsd/surefire-test-report-3.0.xsd" version="3.0" name="no.blackjack.domain.PlayerTest" time="0.056" tests="2" errors="0" skipped="0" failures="0">
  <properties>
[...]
</properties>
  <testcase name="calculateScoreOfHand should return 0 when empty" classname="no.blackjack.domain.PlayerTest" time="0.036"/>
  <testcase name="calculateScoreOfHand should return expected score" classname="no.blackjack.domain.PlayerTest" time="0.001"/>
</testsuite>